/*C12*/SET SCHEMA PUBLIC
DELETE FROM USER WHERE USER_ID=1
DELETE FROM USER WHERE USER_ID=2
DELETE FROM USER WHERE USER_ID=3
DELETE FROM USER WHERE USER_ID=4
DELETE FROM USER WHERE USER_ID=5
DELETE FROM USER WHERE USER_ID=6
DELETE FROM USER WHERE USER_ID=7
COMMIT
INSERT INTO USER VALUES(1,'David','David7!','Admin')
COMMIT
INSERT INTO USER VALUES(2,'Marie','David7!','Admin')
COMMIT
INSERT INTO USER VALUES(3,'Emma','David7!','Admin')
COMMIT
INSERT INTO USER VALUES(4,'Maxime','David7!','Admin')
COMMIT
INSERT INTO USER VALUES(5,'Eleonore','David7!','Admin')
COMMIT
INSERT INTO USER VALUES(6,'Elise','David7!','Admin')
COMMIT
INSERT INTO USER VALUES(7,'Louis','David7!','Admin')
COMMIT
